<?xml version="1.0" encoding="UTF-8"?>
<testsuite xmlns:xsi="http://www.w3.org/2001/XMLSchema-instance" xsi:noNamespaceSchemaLocation="https://maven.apache.org/surefire/maven-surefire-plugin/xsd/surefire-test-report-3.0.xsd" version="3.0" name="com.udacity.security.data.SecurityServiceTest" time="0.321" tests="14" errors="0" skipped="0" failures="0">
  <properties>
    <property name="java.specification.version" value="18"/>
    <property name="sun.jnu.encoding" value="UTF-8"/>
    <property name="java.class.path" value="/Users/raynermdz/software-engineering/udacity/web-programming-nanodegree-program/udacity-udasecurity/starter/parent/security/target/test-classes:/Users/raynermdz/.m2/repository/software/amazon/awssdk/protocol-core/2.17.290/protocol-core-2.17.290.jar:/Users/raynermdz/.m2/repository/org/reactivestreams/reactive-streams/1.0.3/reactive-streams-1.0.3.jar:/Users/raynermdz/.m2/repository/software/amazon/awssdk/annotations/2.17.290/annotations-2.17.290.jar:/Users/raynermdz/.m2/repository/software/amazon/awssdk/utils/2.17.290/utils-2.17.290.jar:/Users/raynermdz/.m2/repository/software/amazon/awssdk/http-client-spi/2.17.290/http-client-spi-2.17.290.jar:/Users/raynermdz/.m2/repository/software/amazon/awssdk/profiles/2.17.290/profiles-2.17.290.jar:/Users/raynermdz/.m2/repository/software/amazon/awssdk/json-utils/2.17.290/json-utils-2.17.290.jar:/Users/raynermdz/.m2/repository/software/amazon/awssdk/third-party-jackson-core/2.17.290/third-party-jackson-core-2.17.290.jar:/Users/raynermdz/.m2/repository/software/amazon/eventstream/eventstream/1.0.1/eventstream-1.0.1.jar:/Users/raynermdz/.m2/repository/software/amazon/awssdk/aws-json-protocol/2.17.290/aws-json-protocol-2.17.290.jar:/Users/raynermdz/.m2/repository/software/amazon/awssdk/aws-core/2.17.290/aws-core-2.17.290.jar:/Users/raynermdz/.m2/repository/software/amazon/awssdk/metrics-spi/2.17.290/metrics-spi-2.17.290.jar:/Users/raynermdz/.m2/repository/software/amazon/awssdk/apache-client/2.17.290/apache-client-2.17.290.jar:/Users/raynermdz/.m2/repository/org/apache/httpcomponents/httpclient/4.5.13/httpclient-4.5.13.jar:/Users/raynermdz/.m2/repository/commons-logging/commons-logging/1.2/commons-logging-1.2.jar:/Users/raynermdz/.m2/repository/commons-codec/commons-codec/1.11/commons-codec-1.11.jar:/Users/raynermdz/.m2/repository/org/apache/httpcomponents/httpcore/4.4.13/httpcore-4.4.13.jar:/Users/raynermdz/.m2/repository/software/amazon/awssdk/netty-nio-client/2.17.290/netty-nio-client-2.17.290.jar:/Users/raynermdz/.m2/repository/io/netty/netty-codec-http/4.1.77.Final/netty-codec-http-4.1.77.Final.jar:/Users/raynermdz/.m2/repository/io/netty/netty-codec-http2/4.1.77.Final/netty-codec-http2-4.1.77.Final.jar:/Users/raynermdz/.m2/repository/io/netty/netty-codec/4.1.77.Final/netty-codec-4.1.77.Final.jar:/Users/raynermdz/.m2/repository/io/netty/netty-transport/4.1.77.Final/netty-transport-4.1.77.Final.jar:/Users/raynermdz/.m2/repository/io/netty/netty-resolver/4.1.77.Final/netty-resolver-4.1.77.Final.jar:/Users/raynermdz/.m2/repository/io/netty/netty-common/4.1.77.Final/netty-common-4.1.77.Final.jar:/Users/raynermdz/.m2/repository/io/netty/netty-buffer/4.1.77.Final/netty-buffer-4.1.77.Final.jar:/Users/raynermdz/.m2/repository/io/netty/netty-handler/4.1.77.Final/netty-handler-4.1.77.Final.jar:/Users/raynermdz/.m2/repository/io/netty/netty-transport-classes-epoll/4.1.77.Final/netty-transport-classes-epoll-4.1.77.Final.jar:/Users/raynermdz/.m2/repository/io/netty/netty-transport-native-unix-common/4.1.77.Final/netty-transport-native-unix-common-4.1.77.Final.jar:/Users/raynermdz/.m2/repository/org/junit/jupiter/junit-jupiter-api/5.9.0/junit-jupiter-api-5.9.0.jar:/Users/raynermdz/.m2/repository/org/opentest4j/opentest4j/1.2.0/opentest4j-1.2.0.jar:/Users/raynermdz/.m2/repository/org/junit/platform/junit-platform-commons/1.9.0/junit-platform-commons-1.9.0.jar:/Users/raynermdz/.m2/repository/org/apiguardian/apiguardian-api/1.1.2/apiguardian-api-1.1.2.jar:/Users/raynermdz/.m2/repository/org/mockito/mockito-junit-jupiter/4.8.0/mockito-junit-jupiter-4.8.0.jar:/Users/raynermdz/.m2/repository/org/mockito/mockito-core/4.8.0/mockito-core-4.8.0.jar:/Users/raynermdz/.m2/repository/net/bytebuddy/byte-buddy/1.12.14/byte-buddy-1.12.14.jar:/Users/raynermdz/.m2/repository/net/bytebuddy/byte-buddy-agent/1.12.14/byte-buddy-agent-1.12.14.jar:/Users/raynermdz/.m2/repository/org/objenesis/objenesis/3.2/objenesis-3.2.jar:/Users/raynermdz/.m2/repository/org/junit/jupiter/junit-jupiter-engine/5.9.0/junit-jupiter-engine-5.9.0.jar:/Users/raynermdz/.m2/repository/org/junit/platform/junit-platform-engine/1.9.0/junit-platform-engine-1.9.0.jar:/Users/raynermdz/.m2/repository/org/junit/jupiter/junit-jupiter-params/5.9.0/junit-jupiter-params-5.9.0.jar:/Users/raynermdz/.m2/repository/com/google/guava/failureaccess/1.0.1/failureaccess-1.0.1.jar:/Users/raynermdz/.m2/repository/com/google/guava/listenablefuture/9999.0-empty-to-avoid-conflict-with-guava/listenablefuture-9999.0-empty-to-avoid-conflict-with-guava.jar:/Users/raynermdz/.m2/repository/com/google/code/findbugs/jsr305/3.0.2/jsr305-3.0.2.jar:/Users/raynermdz/.m2/repository/org/checkerframework/checker-qual/3.12.0/checker-qual-3.12.0.jar:/Users/raynermdz/.m2/repository/com/google/errorprone/error_prone_annotations/2.11.0/error_prone_annotations-2.11.0.jar:/Users/raynermdz/.m2/repository/com/google/j2objc/j2objc-annotations/1.3/j2objc-annotations-1.3.jar:"/>
    <property name="java.vm.vendor" value="Oracle Corporation"/>
    <property name="sun.arch.data.model" value="64"/>
    <property name="java.vendor.url" value="https://java.oracle.com/"/>
    <property name="os.name" value="Mac OS X"/>
    <property name="java.vm.specification.version" value="18"/>
    <property name="sun.java.launcher" value="SUN_STANDARD"/>
    <property name="user.country" value="US"/>
    <property name="sun.boot.library.path" value="/Users/raynermdz/jdk-18.jdk/Contents/Home/lib"/>
    <property name="sun.java.command" value="org.apache.maven.surefire.booter.ForkedBooter /Users/raynermdz/software-engineering/udacity/web-programming-nanodegree-program/udacity-udasecurity/starter/parent/security/target/surefire 2022-11-09T21-03-29_445-jvmRun1 surefire-20221109210330287_1tmp surefire_0-20221109210330287_2tmp"/>
    <property name="http.nonProxyHosts" value="local|*.local|169.254/16|*.169.254/16"/>
    <property name="jdk.debug" value="release"/>
    <property name="surefire.test.class.path" value="/Users/raynermdz/software-engineering/udacity/web-programming-nanodegree-program/udacity-udasecurity/starter/parent/security/target/test-classes:/Users/raynermdz/.m2/repository/software/amazon/awssdk/protocol-core/2.17.290/protocol-core-2.17.290.jar:/Users/raynermdz/.m2/repository/org/reactivestreams/reactive-streams/1.0.3/reactive-streams-1.0.3.jar:/Users/raynermdz/.m2/repository/software/amazon/awssdk/annotations/2.17.290/annotations-2.17.290.jar:/Users/raynermdz/.m2/repository/software/amazon/awssdk/utils/2.17.290/utils-2.17.290.jar:/Users/raynermdz/.m2/repository/software/amazon/awssdk/http-client-spi/2.17.290/http-client-spi-2.17.290.jar:/Users/raynermdz/.m2/repository/software/amazon/awssdk/profiles/2.17.290/profiles-2.17.290.jar:/Users/raynermdz/.m2/repository/software/amazon/awssdk/json-utils/2.17.290/json-utils-2.17.290.jar:/Users/raynermdz/.m2/repository/software/amazon/awssdk/third-party-jackson-core/2.17.290/third-party-jackson-core-2.17.290.jar:/Users/raynermdz/.m2/repository/software/amazon/eventstream/eventstream/1.0.1/eventstream-1.0.1.jar:/Users/raynermdz/.m2/repository/software/amazon/awssdk/aws-json-protocol/2.17.290/aws-json-protocol-2.17.290.jar:/Users/raynermdz/.m2/repository/software/amazon/awssdk/aws-core/2.17.290/aws-core-2.17.290.jar:/Users/raynermdz/.m2/repository/software/amazon/awssdk/metrics-spi/2.17.290/metrics-spi-2.17.290.jar:/Users/raynermdz/.m2/repository/software/amazon/awssdk/apache-client/2.17.290/apache-client-2.17.290.jar:/Users/raynermdz/.m2/repository/org/apache/httpcomponents/httpclient/4.5.13/httpclient-4.5.13.jar:/Users/raynermdz/.m2/repository/commons-logging/commons-logging/1.2/commons-logging-1.2.jar:/Users/raynermdz/.m2/repository/commons-codec/commons-codec/1.11/commons-codec-1.11.jar:/Users/raynermdz/.m2/repository/org/apache/httpcomponents/httpcore/4.4.13/httpcore-4.4.13.jar:/Users/raynermdz/.m2/repository/software/amazon/awssdk/netty-nio-client/2.17.290/netty-nio-client-2.17.290.jar:/Users/raynermdz/.m2/repository/io/netty/netty-codec-http/4.1.77.Final/netty-codec-http-4.1.77.Final.jar:/Users/raynermdz/.m2/repository/io/netty/netty-codec-http2/4.1.77.Final/netty-codec-http2-4.1.77.Final.jar:/Users/raynermdz/.m2/repository/io/netty/netty-codec/4.1.77.Final/netty-codec-4.1.77.Final.jar:/Users/raynermdz/.m2/repository/io/netty/netty-transport/4.1.77.Final/netty-transport-4.1.77.Final.jar:/Users/raynermdz/.m2/repository/io/netty/netty-resolver/4.1.77.Final/netty-resolver-4.1.77.Final.jar:/Users/raynermdz/.m2/repository/io/netty/netty-common/4.1.77.Final/netty-common-4.1.77.Final.jar:/Users/raynermdz/.m2/repository/io/netty/netty-buffer/4.1.77.Final/netty-buffer-4.1.77.Final.jar:/Users/raynermdz/.m2/repository/io/netty/netty-handler/4.1.77.Final/netty-handler-4.1.77.Final.jar:/Users/raynermdz/.m2/repository/io/netty/netty-transport-classes-epoll/4.1.77.Final/netty-transport-classes-epoll-4.1.77.Final.jar:/Users/raynermdz/.m2/repository/io/netty/netty-transport-native-unix-common/4.1.77.Final/netty-transport-native-unix-common-4.1.77.Final.jar:/Users/raynermdz/.m2/repository/org/junit/jupiter/junit-jupiter-api/5.9.0/junit-jupiter-api-5.9.0.jar:/Users/raynermdz/.m2/repository/org/opentest4j/opentest4j/1.2.0/opentest4j-1.2.0.jar:/Users/raynermdz/.m2/repository/org/junit/platform/junit-platform-commons/1.9.0/junit-platform-commons-1.9.0.jar:/Users/raynermdz/.m2/repository/org/apiguardian/apiguardian-api/1.1.2/apiguardian-api-1.1.2.jar:/Users/raynermdz/.m2/repository/org/mockito/mockito-junit-jupiter/4.8.0/mockito-junit-jupiter-4.8.0.jar:/Users/raynermdz/.m2/repository/org/mockito/mockito-core/4.8.0/mockito-core-4.8.0.jar:/Users/raynermdz/.m2/repository/net/bytebuddy/byte-buddy/1.12.14/byte-buddy-1.12.14.jar:/Users/raynermdz/.m2/repository/net/bytebuddy/byte-buddy-agent/1.12.14/byte-buddy-agent-1.12.14.jar:/Users/raynermdz/.m2/repository/org/objenesis/objenesis/3.2/objenesis-3.2.jar:/Users/raynermdz/.m2/repository/org/junit/jupiter/junit-jupiter-engine/5.9.0/junit-jupiter-engine-5.9.0.jar:/Users/raynermdz/.m2/repository/org/junit/platform/junit-platform-engine/1.9.0/junit-platform-engine-1.9.0.jar:/Users/raynermdz/.m2/repository/org/junit/jupiter/junit-jupiter-params/5.9.0/junit-jupiter-params-5.9.0.jar:/Users/raynermdz/.m2/repository/com/google/guava/failureaccess/1.0.1/failureaccess-1.0.1.jar:/Users/raynermdz/.m2/repository/com/google/guava/listenablefuture/9999.0-empty-to-avoid-conflict-with-guava/listenablefuture-9999.0-empty-to-avoid-conflict-with-guava.jar:/Users/raynermdz/.m2/repository/com/google/code/findbugs/jsr305/3.0.2/jsr305-3.0.2.jar:/Users/raynermdz/.m2/repository/org/checkerframework/checker-qual/3.12.0/checker-qual-3.12.0.jar:/Users/raynermdz/.m2/repository/com/google/errorprone/error_prone_annotations/2.11.0/error_prone_annotations-2.11.0.jar:/Users/raynermdz/.m2/repository/com/google/j2objc/j2objc-annotations/1.3/j2objc-annotations-1.3.jar:"/>
    <property name="sun.cpu.endian" value="little"/>
    <property name="user.home" value="/Users/raynermdz"/>
    <property name="user.language" value="en"/>
    <property name="java.specification.vendor" value="Oracle Corporation"/>
    <property name="jdk.module.path" value="/Users/raynermdz/software-engineering/udacity/web-programming-nanodegree-program/udacity-udasecurity/starter/parent/security/target/classes:/Users/raynermdz/.m2/repository/com/miglayout/miglayout-swing/11.0/miglayout-swing-11.0.jar:/Users/raynermdz/.m2/repository/com/miglayout/miglayout-core/11.0/miglayout-core-11.0.jar:/Users/raynermdz/software-engineering/udacity/web-programming-nanodegree-program/udacity-udasecurity/starter/parent/image/target/image-1.0-SNAPSHOT.jar:/Users/raynermdz/.m2/repository/org/slf4j/slf4j-api/2.0.3/slf4j-api-2.0.3.jar:/Users/raynermdz/.m2/repository/software/amazon/awssdk/sdk-core/2.17.290/sdk-core-2.17.290.jar:/Users/raynermdz/.m2/repository/software/amazon/awssdk/auth/2.17.290/auth-2.17.290.jar:/Users/raynermdz/.m2/repository/software/amazon/awssdk/regions/2.17.290/regions-2.17.290.jar:/Users/raynermdz/.m2/repository/software/amazon/awssdk/rekognition/2.17.290/rekognition-2.17.290.jar:/Users/raynermdz/.m2/repository/com/google/code/gson/gson/2.9.1/gson-2.9.1.jar:/Users/raynermdz/.m2/repository/com/google/guava/guava/31.1-jre/guava-31.1-jre.jar"/>
    <property name="java.version.date" value="2022-03-22"/>
    <property name="java.home" value="/Users/raynermdz/jdk-18.jdk/Contents/Home"/>
    <property name="file.separator" value="/"/>
    <property name="basedir" value="/Users/raynermdz/software-engineering/udacity/web-programming-nanodegree-program/udacity-udasecurity/starter/parent/security"/>
    <property name="java.vm.compressedOopsMode" value="Zero based"/>
    <property name="line.separator" value="&#10;"/>
    <property name="java.vm.specification.vendor" value="Oracle Corporation"/>
    <property name="java.specification.name" value="Java Platform API Specification"/>
    <property name="apple.awt.application.name" value="ForkedBooter"/>
    <property name="surefire.real.class.path" value="/Users/raynermdz/.m2/repository/org/apache/maven/surefire/surefire-booter/3.0.0-M7/surefire-booter-3.0.0-M7.jar:/Users/raynermdz/.m2/repository/org/apache/maven/surefire/surefire-api/3.0.0-M7/surefire-api-3.0.0-M7.jar:/Users/raynermdz/.m2/repository/org/apache/maven/surefire/surefire-logger-api/3.0.0-M7/surefire-logger-api-3.0.0-M7.jar:/Users/raynermdz/.m2/repository/org/apache/maven/surefire/surefire-shared-utils/3.0.0-M7/surefire-shared-utils-3.0.0-M7.jar:/Users/raynermdz/.m2/repository/org/apache/maven/surefire/surefire-extensions-spi/3.0.0-M7/surefire-extensions-spi-3.0.0-M7.jar:/Users/raynermdz/software-engineering/udacity/web-programming-nanodegree-program/udacity-udasecurity/starter/parent/security/target/test-classes:/Users/raynermdz/.m2/repository/software/amazon/awssdk/protocol-core/2.17.290/protocol-core-2.17.290.jar:/Users/raynermdz/.m2/repository/org/reactivestreams/reactive-streams/1.0.3/reactive-streams-1.0.3.jar:/Users/raynermdz/.m2/repository/software/amazon/awssdk/annotations/2.17.290/annotations-2.17.290.jar:/Users/raynermdz/.m2/repository/software/amazon/awssdk/utils/2.17.290/utils-2.17.290.jar:/Users/raynermdz/.m2/repository/software/amazon/awssdk/http-client-spi/2.17.290/http-client-spi-2.17.290.jar:/Users/raynermdz/.m2/repository/software/amazon/awssdk/profiles/2.17.290/profiles-2.17.290.jar:/Users/raynermdz/.m2/repository/software/amazon/awssdk/json-utils/2.17.290/json-utils-2.17.290.jar:/Users/raynermdz/.m2/repository/software/amazon/awssdk/third-party-jackson-core/2.17.290/third-party-jackson-core-2.17.290.jar:/Users/raynermdz/.m2/repository/software/amazon/eventstream/eventstream/1.0.1/eventstream-1.0.1.jar:/Users/raynermdz/.m2/repository/software/amazon/awssdk/aws-json-protocol/2.17.290/aws-json-protocol-2.17.290.jar:/Users/raynermdz/.m2/repository/software/amazon/awssdk/aws-core/2.17.290/aws-core-2.17.290.jar:/Users/raynermdz/.m2/repository/software/amazon/awssdk/metrics-spi/2.17.290/metrics-spi-2.17.290.jar:/Users/raynermdz/.m2/repository/software/amazon/awssdk/apache-client/2.17.290/apache-client-2.17.290.jar:/Users/raynermdz/.m2/repository/org/apache/httpcomponents/httpclient/4.5.13/httpclient-4.5.13.jar:/Users/raynermdz/.m2/repository/commons-logging/commons-logging/1.2/commons-logging-1.2.jar:/Users/raynermdz/.m2/repository/commons-codec/commons-codec/1.11/commons-codec-1.11.jar:/Users/raynermdz/.m2/repository/org/apache/httpcomponents/httpcore/4.4.13/httpcore-4.4.13.jar:/Users/raynermdz/.m2/repository/software/amazon/awssdk/netty-nio-client/2.17.290/netty-nio-client-2.17.290.jar:/Users/raynermdz/.m2/repository/io/netty/netty-codec-http/4.1.77.Final/netty-codec-http-4.1.77.Final.jar:/Users/raynermdz/.m2/repository/io/netty/netty-codec-http2/4.1.77.Final/netty-codec-http2-4.1.77.Final.jar:/Users/raynermdz/.m2/repository/io/netty/netty-codec/4.1.77.Final/netty-codec-4.1.77.Final.jar:/Users/raynermdz/.m2/repository/io/netty/netty-transport/4.1.77.Final/netty-transport-4.1.77.Final.jar:/Users/raynermdz/.m2/repository/io/netty/netty-resolver/4.1.77.Final/netty-resolver-4.1.77.Final.jar:/Users/raynermdz/.m2/repository/io/netty/netty-common/4.1.77.Final/netty-common-4.1.77.Final.jar:/Users/raynermdz/.m2/repository/io/netty/netty-buffer/4.1.77.Final/netty-buffer-4.1.77.Final.jar:/Users/raynermdz/.m2/repository/io/netty/netty-handler/4.1.77.Final/netty-handler-4.1.77.Final.jar:/Users/raynermdz/.m2/repository/io/netty/netty-transport-classes-epoll/4.1.77.Final/netty-transport-classes-epoll-4.1.77.Final.jar:/Users/raynermdz/.m2/repository/io/netty/netty-transport-native-unix-common/4.1.77.Final/netty-transport-native-unix-common-4.1.77.Final.jar:/Users/raynermdz/.m2/repository/org/junit/jupiter/junit-jupiter-api/5.9.0/junit-jupiter-api-5.9.0.jar:/Users/raynermdz/.m2/repository/org/opentest4j/opentest4j/1.2.0/opentest4j-1.2.0.jar:/Users/raynermdz/.m2/repository/org/junit/platform/junit-platform-commons/1.9.0/junit-platform-commons-1.9.0.jar:/Users/raynermdz/.m2/repository/org/apiguardian/apiguardian-api/1.1.2/apiguardian-api-1.1.2.jar:/Users/raynermdz/.m2/repository/org/mockito/mockito-junit-jupiter/4.8.0/mockito-junit-jupiter-4.8.0.jar:/Users/raynermdz/.m2/repository/org/mockito/mockito-core/4.8.0/mockito-core-4.8.0.jar:/Users/raynermdz/.m2/repository/net/bytebuddy/byte-buddy/1.12.14/byte-buddy-1.12.14.jar:/Users/raynermdz/.m2/repository/net/bytebuddy/byte-buddy-agent/1.12.14/byte-buddy-agent-1.12.14.jar:/Users/raynermdz/.m2/repository/org/objenesis/objenesis/3.2/objenesis-3.2.jar:/Users/raynermdz/.m2/repository/org/junit/jupiter/junit-jupiter-engine/5.9.0/junit-jupiter-engine-5.9.0.jar:/Users/raynermdz/.m2/repository/org/junit/platform/junit-platform-engine/1.9.0/junit-platform-engine-1.9.0.jar:/Users/raynermdz/.m2/repository/org/junit/jupiter/junit-jupiter-params/5.9.0/junit-jupiter-params-5.9.0.jar:/Users/raynermdz/.m2/repository/com/google/guava/failureaccess/1.0.1/failureaccess-1.0.1.jar:/Users/raynermdz/.m2/repository/com/google/guava/listenablefuture/9999.0-empty-to-avoid-conflict-with-guava/listenablefuture-9999.0-empty-to-avoid-conflict-with-guava.jar:/Users/raynermdz/.m2/repository/com/google/code/findbugs/jsr305/3.0.2/jsr305-3.0.2.jar:/Users/raynermdz/.m2/repository/org/checkerframework/checker-qual/3.12.0/checker-qual-3.12.0.jar:/Users/raynermdz/.m2/repository/com/google/errorprone/error_prone_annotations/2.11.0/error_prone_annotations-2.11.0.jar:/Users/raynermdz/.m2/repository/com/google/j2objc/j2objc-annotations/1.3/j2objc-annotations-1.3.jar:/Users/raynermdz/.m2/repository/org/apache/maven/surefire/surefire-junit-platform/3.0.0-M7/surefire-junit-platform-3.0.0-M7.jar:/Users/raynermdz/.m2/repository/org/apache/maven/surefire/common-java5/3.0.0-M7/common-java5-3.0.0-M7.jar:/Users/raynermdz/.m2/repository/org/junit/platform/junit-platform-launcher/1.9.0/junit-platform-launcher-1.9.0.jar"/>
    <property name="sun.management.compiler" value="HotSpot 64-Bit Tiered Compilers"/>
    <property name="ftp.nonProxyHosts" value="local|*.local|169.254/16|*.169.254/16"/>
    <property name="java.runtime.version" value="18+36-2087"/>
    <property name="user.name" value="raynermdz"/>
    <property name="path.separator" value=":"/>
    <property name="os.version" value="13.0"/>
    <property name="java.runtime.name" value="OpenJDK Runtime Environment"/>
    <property name="file.encoding" value="UTF-8"/>
    <property name="java.vm.name" value="OpenJDK 64-Bit Server VM"/>
    <property name="localRepository" value="/Users/raynermdz/.m2/repository"/>
    <property name="java.vendor.url.bug" value="https://bugreport.java.com/bugreport/"/>
    <property name="java.io.tmpdir" value="/var/folders/tb/92lhlpqx5txdcn_h1xvw8hmh0000gn/T/"/>
    <property name="idea.version" value="2022.2.3"/>
    <property name="java.version" value="18"/>
    <property name="user.dir" value="/Users/raynermdz/software-engineering/udacity/web-programming-nanodegree-program/udacity-udasecurity/starter/parent/security"/>
    <property name="os.arch" value="aarch64"/>
    <property name="java.vm.specification.name" value="Java Virtual Machine Specification"/>
    <property name="native.encoding" value="UTF-8"/>
    <property name="java.library.path" value="/Users/raynermdz/Library/Java/Extensions:/Library/Java/Extensions:/Network/Library/Java/Extensions:/System/Library/Java/Extensions:/usr/lib/java:."/>
    <property name="java.vm.info" value="mixed mode"/>
    <property name="java.vendor" value="Oracle Corporation"/>
    <property name="java.vm.version" value="18+36-2087"/>
    <property name="sun.io.unicode.encoding" value="UnicodeBig"/>
    <property name="socksNonProxyHosts" value="local|*.local|169.254/16|*.169.254/16"/>
    <property name="java.class.version" value="62.0"/>
  </properties>
  <testcase name="ifImageDoesNotContainACat_setSystemIntoAlarmStatus" classname="com.udacity.security.data.SecurityServiceTest" time="0.248"/>
  <testcase name="ifAlarmIsActive_ChangeInSensorStateShouldNotAffectTheAlarmState(boolean)[1]" classname="com.udacity.security.data.SecurityServiceTest" time="0.01"/>
  <testcase name="ifAlarmIsActive_ChangeInSensorStateShouldNotAffectTheAlarmState(boolean)[2]" classname="com.udacity.security.data.SecurityServiceTest" time="0.002"/>
  <testcase name="ifImageContainsACatWhileTheSystemIsArmedHome_setSystemIntoAlarmStatus" classname="com.udacity.security.data.SecurityServiceTest" time="0.001"/>
  <testcase name="ifAlarmIsArmedAndSensorBecomesActivated_setAlarmIntoPendingStatus" classname="com.udacity.security.data.SecurityServiceTest" time="0.001"/>
  <testcase name="IfASensorIsDeactivatedWhileAlreadyInactive_MakeNoChangesToTheAlarmState(AlarmStatus)[1]" classname="com.udacity.security.data.SecurityServiceTest" time="0.002"/>
  <testcase name="IfASensorIsDeactivatedWhileAlreadyInactive_MakeNoChangesToTheAlarmState(AlarmStatus)[2]" classname="com.udacity.security.data.SecurityServiceTest" time="0.001"/>
  <testcase name="IfASensorIsDeactivatedWhileAlreadyInactive_MakeNoChangesToTheAlarmState(AlarmStatus)[3]" classname="com.udacity.security.data.SecurityServiceTest" time="0.001"/>
  <testcase name="ifAlarmIsArmedAndSensorBecomesActivatedAndSystemIsAlreadyPending_setAlarmIntoOnStatus" classname="com.udacity.security.data.SecurityServiceTest" time="0.001"/>
  <testcase name="ifSystemIsDisarmed_setStatusToNoAlarm" classname="com.udacity.security.data.SecurityServiceTest" time="0"/>
  <testcase name="ifASensorIsActivatedWhileAlreadyActiveAndSystemIsInPendingState_setItToAlarmState" classname="com.udacity.security.data.SecurityServiceTest" time="0.001"/>
  <testcase name="ifAlarmIsPendingAndAllSensorsAreInactive_returnToNoAlarmState" classname="com.udacity.security.data.SecurityServiceTest" time="0.003"/>
  <testcase name="ifSystemIsArmed_setAllSensorsToInactive" classname="com.udacity.security.data.SecurityServiceTest" time="0.003"/>
  <testcase name="ifSystemIsArmedHomeWhileTheImageIsACat_setAlarmStatusToAlarm" classname="com.udacity.security.data.SecurityServiceTest" time="0"/>
</testsuite>